app/build/intermediates/manifest_merge_blame_file/debug/manifest-merger-blame-debug-report.txt
1<?xml version="1.0" encoding="utf-8"?>
2<manifest xmlns:android="http://schemas.android.com/apk/res/android"
3    package="com.saitejajanjirala.snistforum"
4    android:versionCode="1"
5    android:versionName="1.0" >
6
7    <uses-sdk
8        android:minSdkVersion="21"
8-->src\main\AndroidManifest.xml
9        android:targetSdkVersion="30" />
9-->src\main\AndroidManifest.xml
10
11    <uses-permission android:name="android.permission.INTERNET" />
11-->src\main\AndroidManifest.xml:6:5-67
11-->src\main\AndroidManifest.xml:6:22-64
12    <uses-permission android:name="android.permission.ACCESS_NETWORK_STATE" />
12-->src\main\AndroidManifest.xml:7:5-79
12-->src\main\AndroidManifest.xml:7:22-76
13    <uses-permission android:name="android.permission.READ_EXTERNAL_STORAGE" />
13-->src\main\AndroidManifest.xml:8:5-80
13-->src\main\AndroidManifest.xml:8:22-77
14    <uses-permission android:name="android.permission.WRITE_EXTERNAL_STORAGE" />
14-->src\main\AndroidManifest.xml:9:5-81
14-->src\main\AndroidManifest.xml:9:22-78
15    <uses-permission android:name="android.permission.WAKE_LOCK" />
15-->[com.google.android.gms:play-services-measurement-api:18.0.1] AndroidManifest.xml:24:5-68
15-->[com.google.android.gms:play-services-measurement-api:18.0.1] AndroidManifest.xml:24:22-65
16    <uses-permission android:name="com.google.android.finsky.permission.BIND_GET_INSTALL_REFERRER_SERVICE" />
16-->[com.google.android.gms:play-services-measurement:18.0.1] AndroidManifest.xml:26:5-110
16-->[com.google.android.gms:play-services-measurement:18.0.1] AndroidManifest.xml:26:22-107
17
18    <application
18-->src\main\AndroidManifest.xml:11:5-56:19
19        android:name="com.saitejajanjirala.snistforum.MyApplication"
19-->src\main\AndroidManifest.xml:12:9-38
20        android:allowBackup="true"
20-->src\main\AndroidManifest.xml:13:9-35
21        android:appComponentFactory="androidx.core.app.CoreComponentFactory"
21-->[androidx.core:core:1.3.2] AndroidManifest.xml:24:18-86
22        android:debuggable="true"
23        android:icon="@mipmap/ic_launcher"
23-->src\main\AndroidManifest.xml:14:9-43
24        android:label="@string/app_name"
24-->src\main\AndroidManifest.xml:15:9-41
25        android:requestLegacyExternalStorage="true"
25-->src\main\AndroidManifest.xml:16:9-52
26        android:roundIcon="@mipmap/ic_launcher_round"
26-->src\main\AndroidManifest.xml:17:9-54
27        android:supportsRtl="true"
27-->src\main\AndroidManifest.xml:18:9-35
28        android:theme="@style/Theme.SNISTFORUM" >
28-->src\main\AndroidManifest.xml:19:9-48
29        <provider
30            android:name="androidx.core.content.FileProvider"
30-->src\main\AndroidManifest.xml:21:13-62
31            android:authorities="com.saitejajanjirala.snistforum.provider"
31-->src\main\AndroidManifest.xml:22:13-60
32            android:exported="false"
32-->src\main\AndroidManifest.xml:23:13-37
33            android:grantUriPermissions="true" >
33-->src\main\AndroidManifest.xml:24:13-47
34            <meta-data
34-->src\main\AndroidManifest.xml:25:13-27:57
35                android:name="android.support.FILE_PROVIDER_PATHS"
35-->src\main\AndroidManifest.xml:26:17-67
36                android:resource="@xml/provider_paths" />
36-->src\main\AndroidManifest.xml:27:17-55
37        </provider>
38
39        <activity android:name="com.saitejajanjirala.snistforum.activities.subjectdocuments.SubjectdocumentsActivity" />
39-->src\main\AndroidManifest.xml:30:9-89
39-->src\main\AndroidManifest.xml:30:19-87
40        <activity android:name="com.saitejajanjirala.snistforum.activities.allsubjects.AllsubjectsActivity" />
40-->src\main\AndroidManifest.xml:31:9-80
40-->src\main\AndroidManifest.xml:31:19-77
41        <activity android:name="com.saitejajanjirala.snistforum.activities.update.UpdateActivity" />
41-->src\main\AndroidManifest.xml:32:9-70
41-->src\main\AndroidManifest.xml:32:19-67
42        <activity
42-->src\main\AndroidManifest.xml:33:9-35:69
43            android:name="com.saitejajanjirala.snistforum.activities.search.SearchActivity"
43-->src\main\AndroidManifest.xml:34:13-61
44            android:theme="@style/Theme.SNISTFORUM.NO.ACTION.BAR" />
44-->src\main\AndroidManifest.xml:35:13-66
45        <activity android:name="com.saitejajanjirala.snistforum.activities.upload.UploadActivity" />
45-->src\main\AndroidManifest.xml:36:9-70
45-->src\main\AndroidManifest.xml:36:19-67
46        <activity android:name="com.saitejajanjirala.snistforum.activities.admin.AdminLogin" />
46-->src\main\AndroidManifest.xml:37:9-65
46-->src\main\AndroidManifest.xml:37:19-62
47        <activity
47-->src\main\AndroidManifest.xml:38:9-40:69
48            android:name="com.saitejajanjirala.snistforum.activities.otp.OtpActivity"
48-->src\main\AndroidManifest.xml:39:13-55
49            android:theme="@style/Theme.SNISTFORUM.NO.ACTION.BAR" />
49-->src\main\AndroidManifest.xml:40:13-66
50        <activity
50-->src\main\AndroidManifest.xml:41:9-43:69
51            android:name="com.saitejajanjirala.snistforum.activities.login.LoginActivity"
51-->src\main\AndroidManifest.xml:42:13-59
52            android:theme="@style/Theme.SNISTFORUM.NO.ACTION.BAR" />
52-->src\main\AndroidManifest.xml:43:13-66
53        <activity
53-->src\main\AndroidManifest.xml:44:9-52:20
54            android:name="com.saitejajanjirala.snistforum.activities.splash.SplashActivity"
54-->src\main\AndroidManifest.xml:45:13-61
55            android:theme="@style/Theme.SNISTFORUM.NO.ACTION.BAR" >
55-->src\main\AndroidManifest.xml:46:13-66
56            <intent-filter>
56-->src\main\AndroidManifest.xml:47:13-51:29
57                <action android:name="android.intent.action.MAIN" />
57-->src\main\AndroidManifest.xml:48:17-69
57-->src\main\AndroidManifest.xml:48:25-66
58
59                <category android:name="android.intent.category.LAUNCHER" />
59-->src\main\AndroidManifest.xml:50:17-77
59-->src\main\AndroidManifest.xml:50:27-74
60            </intent-filter>
61        </activity>
62        <activity
62-->src\main\AndroidManifest.xml:53:9-55:69
63            android:name="com.saitejajanjirala.snistforum.activities.main.MainActivity"
63-->src\main\AndroidManifest.xml:54:13-57
64            android:theme="@style/Theme.SNISTFORUM.NO.ACTION.BAR" />
64-->src\main\AndroidManifest.xml:55:13-66
65
66        <service
66-->[com.google.firebase:firebase-analytics-ktx:18.0.1] AndroidManifest.xml:8:9-14:19
67            android:name="com.google.firebase.components.ComponentDiscoveryService"
67-->[com.google.firebase:firebase-analytics-ktx:18.0.1] AndroidManifest.xml:9:13-84
68            android:directBootAware="true"
68-->[com.google.firebase:firebase-common:19.5.0] AndroidManifest.xml:35:13-43
69            android:exported="false" >
69-->[com.google.firebase:firebase-analytics-ktx:18.0.1] AndroidManifest.xml:10:13-37
70            <meta-data
70-->[com.google.firebase:firebase-analytics-ktx:18.0.1] AndroidManifest.xml:11:13-13:85
71                android:name="com.google.firebase.components:com.google.firebase.analytics.ktx.FirebaseAnalyticsKtxRegistrar"
71-->[com.google.firebase:firebase-analytics-ktx:18.0.1] AndroidManifest.xml:12:17-126
72                android:value="com.google.firebase.components.ComponentRegistrar" />
72-->[com.google.firebase:firebase-analytics-ktx:18.0.1] AndroidManifest.xml:13:17-82
73            <meta-data
73-->[com.google.firebase:firebase-common-ktx:19.5.0] AndroidManifest.xml:15:13-17:85
74                android:name="com.google.firebase.components:com.google.firebase.ktx.FirebaseCommonKtxRegistrar"
74-->[com.google.firebase:firebase-common-ktx:19.5.0] AndroidManifest.xml:16:17-113
75                android:value="com.google.firebase.components.ComponentRegistrar" />
75-->[com.google.firebase:firebase-common-ktx:19.5.0] AndroidManifest.xml:17:17-82
76            <meta-data
76-->[com.google.firebase:firebase-auth:20.0.2] AndroidManifest.xml:77:13-79:85
77                android:name="com.google.firebase.components:com.google.firebase.auth.FirebaseAuthRegistrar"
77-->[com.google.firebase:firebase-auth:20.0.2] AndroidManifest.xml:78:17-109
78                android:value="com.google.firebase.components.ComponentRegistrar" />
78-->[com.google.firebase:firebase-auth:20.0.2] AndroidManifest.xml:79:17-82
79            <meta-data
79-->[com.google.firebase:firebase-firestore:22.0.1] AndroidManifest.xml:20:13-22:85
80                android:name="com.google.firebase.components:com.google.firebase.firestore.FirestoreRegistrar"
80-->[com.google.firebase:firebase-firestore:22.0.1] AndroidManifest.xml:21:17-111
81                android:value="com.google.firebase.components.ComponentRegistrar" />
81-->[com.google.firebase:firebase-firestore:22.0.1] AndroidManifest.xml:22:17-82
82            <meta-data
82-->[com.google.firebase:firebase-storage:19.2.1] AndroidManifest.xml:33:13-35:85
83                android:name="com.google.firebase.components:com.google.firebase.storage.StorageRegistrar"
83-->[com.google.firebase:firebase-storage:19.2.1] AndroidManifest.xml:34:17-107
84                android:value="com.google.firebase.components.ComponentRegistrar" />
84-->[com.google.firebase:firebase-storage:19.2.1] AndroidManifest.xml:35:17-82
85            <meta-data
85-->[com.google.android.gms:play-services-measurement-api:18.0.1] AndroidManifest.xml:30:13-32:85
86                android:name="com.google.firebase.components:com.google.firebase.analytics.connector.internal.AnalyticsConnectorRegistrar"
86-->[com.google.android.gms:play-services-measurement-api:18.0.1] AndroidManifest.xml:31:17-139
87                android:value="com.google.firebase.components.ComponentRegistrar" />
87-->[com.google.android.gms:play-services-measurement-api:18.0.1] AndroidManifest.xml:32:17-82
88            <meta-data
88-->[com.google.firebase:firebase-installations:16.3.5] AndroidManifest.xml:18:13-20:85
89                android:name="com.google.firebase.components:com.google.firebase.installations.FirebaseInstallationsRegistrar"
89-->[com.google.firebase:firebase-installations:16.3.5] AndroidManifest.xml:19:17-127
90                android:value="com.google.firebase.components.ComponentRegistrar" />
90-->[com.google.firebase:firebase-installations:16.3.5] AndroidManifest.xml:20:17-82
91            <!--
92                This registrar is not defined in the dynamic-module-support sdk itself to allow non-firebase
93                clients to use it as well, by defining this registrar in their own core/common library.
94            -->
95            <meta-data
95-->[com.google.firebase:firebase-common:19.5.0] AndroidManifest.xml:43:13-45:85
96                android:name="com.google.firebase.components:com.google.firebase.dynamicloading.DynamicLoadingRegistrar"
96-->[com.google.firebase:firebase-common:19.5.0] AndroidManifest.xml:44:17-121
97                android:value="com.google.firebase.components.ComponentRegistrar" />
97-->[com.google.firebase:firebase-common:19.5.0] AndroidManifest.xml:45:17-82
98        </service>
99
100        <activity
100-->[com.google.firebase:firebase-auth:20.0.2] AndroidManifest.xml:27:9-44:20
101            android:name="com.google.firebase.auth.internal.GenericIdpActivity"
101-->[com.google.firebase:firebase-auth:20.0.2] AndroidManifest.xml:28:13-80
102            android:excludeFromRecents="true"
102-->[com.google.firebase:firebase-auth:20.0.2] AndroidManifest.xml:29:13-46
103            android:exported="true"
103-->[com.google.firebase:firebase-auth:20.0.2] AndroidManifest.xml:30:13-36
104            android:launchMode="singleTask"
104-->[com.google.firebase:firebase-auth:20.0.2] AndroidManifest.xml:31:13-44
105            android:theme="@android:style/Theme.Translucent.NoTitleBar" >
105-->[com.google.firebase:firebase-auth:20.0.2] AndroidManifest.xml:32:13-72
106            <intent-filter>
106-->[com.google.firebase:firebase-auth:20.0.2] AndroidManifest.xml:33:13-43:29
107                <action android:name="android.intent.action.VIEW" />
107-->[com.google.firebase:firebase-auth:20.0.2] AndroidManifest.xml:34:17-69
107-->[com.google.firebase:firebase-auth:20.0.2] AndroidManifest.xml:34:25-66
108
109                <category android:name="android.intent.category.DEFAULT" />
109-->[com.google.firebase:firebase-auth:20.0.2] AndroidManifest.xml:36:17-76
109-->[com.google.firebase:firebase-auth:20.0.2] AndroidManifest.xml:36:27-73
110                <category android:name="android.intent.category.BROWSABLE" />
110-->[com.google.firebase:firebase-auth:20.0.2] AndroidManifest.xml:37:17-78
110-->[com.google.firebase:firebase-auth:20.0.2] AndroidManifest.xml:37:27-75
111
112                <data
112-->[com.google.firebase:firebase-auth:20.0.2] AndroidManifest.xml:39:17-42:51
113                    android:host="firebase.auth"
113-->[com.google.firebase:firebase-auth:20.0.2] AndroidManifest.xml:40:21-49
114                    android:path="/"
114-->[com.google.firebase:firebase-auth:20.0.2] AndroidManifest.xml:41:21-37
115                    android:scheme="genericidp" />
115-->[com.google.firebase:firebase-auth:20.0.2] AndroidManifest.xml:42:21-48
116            </intent-filter>
117        </activity>
118        <activity
118-->[com.google.firebase:firebase-auth:20.0.2] AndroidManifest.xml:45:9-62:20
119            android:name="com.google.firebase.auth.internal.RecaptchaActivity"
119-->[com.google.firebase:firebase-auth:20.0.2] AndroidManifest.xml:46:13-79
120            android:excludeFromRecents="true"
120-->[com.google.firebase:firebase-auth:20.0.2] AndroidManifest.xml:47:13-46
121            android:exported="true"
121-->[com.google.firebase:firebase-auth:20.0.2] AndroidManifest.xml:48:13-36
122            android:launchMode="singleTask"
122-->[com.google.firebase:firebase-auth:20.0.2] AndroidManifest.xml:49:13-44
123            android:theme="@android:style/Theme.Translucent.NoTitleBar" >
123-->[com.google.firebase:firebase-auth:20.0.2] AndroidManifest.xml:50:13-72
124            <intent-filter>
124-->[com.google.firebase:firebase-auth:20.0.2] AndroidManifest.xml:51:13-61:29
125                <action android:name="android.intent.action.VIEW" />
125-->[com.google.firebase:firebase-auth:20.0.2] AndroidManifest.xml:34:17-69
125-->[com.google.firebase:firebase-auth:20.0.2] AndroidManifest.xml:34:25-66
126
127                <category android:name="android.intent.category.DEFAULT" />
127-->[com.google.firebase:firebase-auth:20.0.2] AndroidManifest.xml:36:17-76
127-->[com.google.firebase:firebase-auth:20.0.2] AndroidManifest.xml:36:27-73
128                <category android:name="android.intent.category.BROWSABLE" />
128-->[com.google.firebase:firebase-auth:20.0.2] AndroidManifest.xml:37:17-78
128-->[com.google.firebase:firebase-auth:20.0.2] AndroidManifest.xml:37:27-75
129
130                <data
130-->[com.google.firebase:firebase-auth:20.0.2] AndroidManifest.xml:39:17-42:51
131                    android:host="firebase.auth"
131-->[com.google.firebase:firebase-auth:20.0.2] AndroidManifest.xml:40:21-49
132                    android:path="/"
132-->[com.google.firebase:firebase-auth:20.0.2] AndroidManifest.xml:41:21-37
133                    android:scheme="recaptcha" />
133-->[com.google.firebase:firebase-auth:20.0.2] AndroidManifest.xml:42:21-48
134            </intent-filter>
135        </activity>
136
137        <service
137-->[com.google.firebase:firebase-auth:20.0.2] AndroidManifest.xml:64:9-73:19
138            android:name="com.google.firebase.auth.api.fallback.service.FirebaseAuthFallbackService"
138-->[com.google.firebase:firebase-auth:20.0.2] AndroidManifest.xml:65:13-101
139            android:enabled="true"
139-->[com.google.firebase:firebase-auth:20.0.2] AndroidManifest.xml:66:13-35
140            android:exported="false" >
140-->[com.google.firebase:firebase-auth:20.0.2] AndroidManifest.xml:67:13-37
141            <intent-filter>
141-->[com.google.firebase:firebase-auth:20.0.2] AndroidManifest.xml:68:13-72:29
142                <action android:name="com.google.firebase.auth.api.gms.service.START" />
142-->[com.google.firebase:firebase-auth:20.0.2] AndroidManifest.xml:69:17-89
142-->[com.google.firebase:firebase-auth:20.0.2] AndroidManifest.xml:69:25-86
143
144                <category android:name="android.intent.category.DEFAULT" />
144-->[com.google.firebase:firebase-auth:20.0.2] AndroidManifest.xml:36:17-76
144-->[com.google.firebase:firebase-auth:20.0.2] AndroidManifest.xml:36:27-73
145            </intent-filter>
146        </service>
147
148        <activity
148-->[com.google.android.gms:play-services-auth:19.0.0] AndroidManifest.xml:23:9-27:75
149            android:name="com.google.android.gms.auth.api.signin.internal.SignInHubActivity"
149-->[com.google.android.gms:play-services-auth:19.0.0] AndroidManifest.xml:24:13-93
150            android:excludeFromRecents="true"
150-->[com.google.android.gms:play-services-auth:19.0.0] AndroidManifest.xml:25:13-46
151            android:exported="false"
151-->[com.google.android.gms:play-services-auth:19.0.0] AndroidManifest.xml:26:13-37
152            android:theme="@android:style/Theme.Translucent.NoTitleBar" />
152-->[com.google.android.gms:play-services-auth:19.0.0] AndroidManifest.xml:27:13-72
153        <!--
154            Service handling Google Sign-In user revocation. For apps that do not integrate with
155            Google Sign-In, this service will never be started.
156        -->
157        <service
157-->[com.google.android.gms:play-services-auth:19.0.0] AndroidManifest.xml:33:9-37:51
158            android:name="com.google.android.gms.auth.api.signin.RevocationBoundService"
158-->[com.google.android.gms:play-services-auth:19.0.0] AndroidManifest.xml:34:13-89
159            android:exported="true"
159-->[com.google.android.gms:play-services-auth:19.0.0] AndroidManifest.xml:35:13-36
160            android:permission="com.google.android.gms.auth.api.signin.permission.REVOCATION_NOTIFICATION"
160-->[com.google.android.gms:play-services-auth:19.0.0] AndroidManifest.xml:36:13-107
161            android:visibleToInstantApps="true" />
161-->[com.google.android.gms:play-services-auth:19.0.0] AndroidManifest.xml:37:13-48
162        <service
162-->[androidx.room:room-runtime:2.1.0-beta01] AndroidManifest.xml:23:9-25:40
163            android:name="androidx.room.MultiInstanceInvalidationService"
163-->[androidx.room:room-runtime:2.1.0-beta01] AndroidManifest.xml:24:13-74
164            android:exported="false" />
164-->[androidx.room:room-runtime:2.1.0-beta01] AndroidManifest.xml:25:13-37
165
166        <provider
166-->[com.google.firebase:firebase-common:19.5.0] AndroidManifest.xml:26:9-31:39
167            android:name="com.google.firebase.provider.FirebaseInitProvider"
167-->[com.google.firebase:firebase-common:19.5.0] AndroidManifest.xml:27:13-77
168            android:authorities="com.saitejajanjirala.snistforum.firebaseinitprovider"
168-->[com.google.firebase:firebase-common:19.5.0] AndroidManifest.xml:28:13-72
169            android:directBootAware="true"
169-->[com.google.firebase:firebase-common:19.5.0] AndroidManifest.xml:29:13-43
170            android:exported="false"
170-->[com.google.firebase:firebase-common:19.5.0] AndroidManifest.xml:30:13-37
171            android:initOrder="100" />
171-->[com.google.firebase:firebase-common:19.5.0] AndroidManifest.xml:31:13-36
172
173        <activity
173-->[com.google.android.gms:play-services-base:17.1.0] AndroidManifest.xml:23:9-26:75
174            android:name="com.google.android.gms.common.api.GoogleApiActivity"
174-->[com.google.android.gms:play-services-base:17.1.0] AndroidManifest.xml:24:13-79
175            android:exported="false"
175-->[com.google.android.gms:play-services-base:17.1.0] AndroidManifest.xml:25:13-37
176            android:theme="@android:style/Theme.Translucent.NoTitleBar" />
176-->[com.google.android.gms:play-services-base:17.1.0] AndroidManifest.xml:26:13-72
177
178        <receiver
178-->[com.google.android.gms:play-services-measurement:18.0.1] AndroidManifest.xml:29:9-33:20
179            android:name="com.google.android.gms.measurement.AppMeasurementReceiver"
179-->[com.google.android.gms:play-services-measurement:18.0.1] AndroidManifest.xml:30:13-85
180            android:enabled="true"
180-->[com.google.android.gms:play-services-measurement:18.0.1] AndroidManifest.xml:31:13-35
181            android:exported="false" >
181-->[com.google.android.gms:play-services-measurement:18.0.1] AndroidManifest.xml:32:13-37
182        </receiver>
183
184        <service
184-->[com.google.android.gms:play-services-measurement:18.0.1] AndroidManifest.xml:35:9-38:40
185            android:name="com.google.android.gms.measurement.AppMeasurementService"
185-->[com.google.android.gms:play-services-measurement:18.0.1] AndroidManifest.xml:36:13-84
186            android:enabled="true"
186-->[com.google.android.gms:play-services-measurement:18.0.1] AndroidManifest.xml:37:13-35
187            android:exported="false" />
187-->[com.google.android.gms:play-services-measurement:18.0.1] AndroidManifest.xml:38:13-37
188        <service
188-->[com.google.android.gms:play-services-measurement:18.0.1] AndroidManifest.xml:39:9-43:72
189            android:name="com.google.android.gms.measurement.AppMeasurementJobService"
189-->[com.google.android.gms:play-services-measurement:18.0.1] AndroidManifest.xml:40:13-87
190            android:enabled="true"
190-->[com.google.android.gms:play-services-measurement:18.0.1] AndroidManifest.xml:41:13-35
191            android:exported="false"
191-->[com.google.android.gms:play-services-measurement:18.0.1] AndroidManifest.xml:42:13-37
192            android:permission="android.permission.BIND_JOB_SERVICE" />
192-->[com.google.android.gms:play-services-measurement:18.0.1] AndroidManifest.xml:43:13-69
193
194        <meta-data
194-->[com.google.android.gms:play-services-basement:17.1.1] AndroidManifest.xml:23:9-25:69
195            android:name="com.google.android.gms.version"
195-->[com.google.android.gms:play-services-basement:17.1.1] AndroidManifest.xml:24:13-58
196            android:value="@integer/google_play_services_version" />
196-->[com.google.android.gms:play-services-basement:17.1.1] AndroidManifest.xml:25:13-66
197
198        <provider
198-->[androidx.lifecycle:lifecycle-process:2.0.0] AndroidManifest.xml:23:9-27:43
199            android:name="androidx.lifecycle.ProcessLifecycleOwnerInitializer"
199-->[androidx.lifecycle:lifecycle-process:2.0.0] AndroidManifest.xml:24:13-79
200            android:authorities="com.saitejajanjirala.snistforum.lifecycle-process"
200-->[androidx.lifecycle:lifecycle-process:2.0.0] AndroidManifest.xml:25:13-69
201            android:exported="false"
201-->[androidx.lifecycle:lifecycle-process:2.0.0] AndroidManifest.xml:26:13-37
202            android:multiprocess="true" />
202-->[androidx.lifecycle:lifecycle-process:2.0.0] AndroidManifest.xml:27:13-40
203    </application>
204
205</manifest>